<?xml version="1.0" encoding="UTF-8"?>
<!-- Generated by org.testng.reporters.JUnitReportReporter -->
<testsuite hostname="DESKTOP-P20LLEB" failures="0" tests="1" name="pakage1.TestClass" time="4.239" errors="0" timestamp="2021-10-27T16:37:49 IST" skipped="0">
  <testcase classname="pakage1.TestClass" name="testA" time="4.239"/>
  <system-out/>
</testsuite> <!-- pakage1.TestClass -->
